06/05/20 19:55:09 - Process(89.3) User(mqm) Program(amqzmuc0)
                    Host(b0f047d32d08) Installation(Installation1)
                    VRMF(9.1.5.0) QMgr(QM1)
                    Time(2020-06-05T19:55:09.029Z)
                    CommentInsert1(Linux 4.19.76-linuxkit (MQ Linux (x86-64 platform) 64-bit))
                    CommentInsert2(/opt/mqm (Installation1))
                    CommentInsert3(9.1.5.0 (p915-ifix-L200325.DE))
                   
AMQ6287I: IBM MQ V9.1.5.0 (p915-ifix-L200325.DE).

EXPLANATION:
IBM MQ system information: 
Host Info         :- Linux 4.19.76-linuxkit (MQ Linux (x86-64 platform) 64-bit)

Installation      :- /opt/mqm (Installation1) 
Version           :- 9.1.5.0 (p915-ifix-L200325.DE)
ACTION:
None.
----- amqxeida.c : 6457 -------------------------------------------------------
06/05/20 19:55:09 - Process(89.3) User(mqm) Program(amqzmuc0)
                    Host(b0f047d32d08) Installation(Installation1)
                    VRMF(9.1.5.0) QMgr(QM1)
                    Time(2020-06-05T19:55:09.013Z)
                    ArithInsert2(1)
                    CommentInsert1(LOGGER-IO)
                   
AMQ5051I: The queue manager task 'LOGGER-IO' has started.

EXPLANATION:
The critical utility task manager has started the LOGGER-IO task. This task has
now started 1 times.
ACTION:
None.
----- amqzmut0.c : 1731 -------------------------------------------------------
06/05/20 19:55:09 - Process(89.4) User(mqm) Program(amqzmuc0)
                    Host(b0f047d32d08) Installation(Installation1)
                    VRMF(9.1.5.0) QMgr(QM1)
                    Time(2020-06-05T19:55:09.211Z)
                    ArithInsert2(1)
                    CommentInsert1(CHECKPOINT)
                   
AMQ5051I: The queue manager task 'CHECKPOINT' has started.

EXPLANATION:
The critical utility task manager has started the CHECKPOINT task. This task
has now started 1 times.
ACTION:
None.
----- amqzmut0.c : 1731 -------------------------------------------------------
06/05/20 19:55:09 - Process(89.1) User(mqm) Program(amqzmuc0)
                    Host(b0f047d32d08) Installation(Installation1)
                    VRMF(9.1.5.0) QMgr(QM1)
                    Time(2020-06-05T19:55:09.271Z)
                    CommentInsert1(CHECKPOINT)
                   
AMQ5041I: The queue manager task 'CHECKPOINT' has ended.

EXPLANATION:
The queue manager task CHECKPOINT has ended.
ACTION:
None.
----- amqzmut0.c : 3834 -------------------------------------------------------
06/05/20 19:55:09 - Process(89.1) User(mqm) Program(amqzmuc0)
                    Host(b0f047d32d08) Installation(Installation1)
                    VRMF(9.1.5.0) QMgr(QM1)
                    Time(2020-06-05T19:55:09.303Z)
                    CommentInsert1(LOGGER-IO)
                   
AMQ5041I: The queue manager task 'LOGGER-IO' has ended.

EXPLANATION:
The queue manager task LOGGER-IO has ended.
ACTION:
None.
----- amqzmut0.c : 3834 -------------------------------------------------------
06/05/20 20:02:35 - Process(87.1) User(mqm) Program(strmqm)
                    Host(b0f047d32d08) Installation(Installation1)
                    VRMF(9.1.5.0) QMgr(QM1)
                    Time(2020-06-05T20:02:35.095Z)
                    CommentInsert1(INI)
                   
AMQ5775I: Successfully applied automatic configuration INI definitions.

EXPLANATION:
During queue manager start, the requested INI definitions were obtained and
applied to the queue manager configuration as defined in the qm.ini Autoconfig
section.
ACTION:
None.
----- amqzutc0.c : 2145 -------------------------------------------------------
