06/05/20 19:55:09 - Process(57.1) User(mqm) Program(crtmqm)
                    Host(b0f047d32d08) Installation(Installation1)
                    VRMF(9.1.5.0)
                    Time(2020-06-05T19:55:09.407Z)
                    CommentInsert1(Linux 4.19.76-linuxkit (MQ Linux (x86-64 platform) 64-bit))
                    CommentInsert2(/opt/mqm (Installation1))
                    CommentInsert3(9.1.5.0 (p915-ifix-L200325.DE))
                   
AMQ6287I: IBM MQ V9.1.5.0 (p915-ifix-L200325.DE).

EXPLANATION:
IBM MQ system information: 
Host Info         :- Linux 4.19.76-linuxkit (MQ Linux (x86-64 platform) 64-bit)

Installation      :- /opt/mqm (Installation1) 
Version           :- 9.1.5.0 (p915-ifix-L200325.DE)
ACTION:
None.
----- amqxeida.c : 6457 -------------------------------------------------------
06/05/20 19:55:09 - Process(57.1) User(mqm) Program(crtmqm)
                    Host(b0f047d32d08) Installation(Installation1)
                    VRMF(9.1.5.0)
                    Time(2020-06-05T19:55:09.404Z)
                    CommentInsert3(QM1)
                   
AMQ8001I: IBM MQ queue manager created.

EXPLANATION:
IBM MQ queue manager QM1 created.
ACTION:
None.
----- amqzsly0.c : 2508 -------------------------------------------------------
06/05/20 19:55:09 - Process(109.1) User(mqm) Program(amqzxma0)
                    Host(b0f047d32d08) Installation(Installation1)
                    VRMF(9.1.5.0)
                    Time(2020-06-05T19:55:09.928Z)
                    ArithInsert1(36) ArithInsert2(5)
                    CommentInsert1(bind())
                    CommentInsert2(/mnt/mqm/data/sockets/QM10000/@qmgr/spipe/b0f047d32d08/zxc.health)
                   
AMQ6119S: An internal IBM MQ error has occurred (bind())

EXPLANATION:
MQ detected an unexpected error when calling the operating system. The MQ error
recording routine has been called.
ACTION:
Use the standard facilities supplied with your system to record the problem
identifier and to save any generated output files. Use either the MQ Support
site: http://www.ibm.com/software/integration/wmq/support/, or IBM Support
Assistant (ISA): http://www.ibm.com/software/support/isa/, to see whether a
solution is already available.  If you are unable to find a match, contact your
IBM support center.  Do not discard these files until the problem has been
resolved.
----- amqxfdcx.c : 842 --------------------------------------------------------
06/05/20 19:55:09 - Process(109.1) User(mqm) Program(amqzxma0)
                    Host(b0f047d32d08) Installation(Installation1)
                    VRMF(9.1.5.0)
                    Time(2020-06-05T19:55:09.943Z)
                    ArithInsert1(109)
                    CommentInsert1(QM1)
                   
AMQ6184W: An internal IBM MQ error has occurred on queue manager QM1.

EXPLANATION:
An error has been detected, and the IBM MQ error recording routine has been
called. The failing process is process 109.
ACTION:
Use the standard facilities supplied with your system to record the problem
identifier and to save any generated output files. Use either the MQ Support
site: http://www.ibm.com/software/integration/wmq/support/, or IBM Support
Assistant (ISA): http://www.ibm.com/software/support/isa/, to see whether a
solution is already available.  If you are unable to find a match, contact your
IBM support center.  Do not discard these files until the problem has been
resolved.
----- amqxfdcx.c : 888 --------------------------------------------------------
06/05/20 19:55:12 - Process(109.1) User(mqm) Program(amqzxma0)
                    Host(b0f047d32d08) Installation(Installation1)
                    VRMF(9.1.5.0)
                    Time(2020-06-05T19:55:12.626Z)
                   
AMQ6119S: An internal IBM MQ error has occurred ()

EXPLANATION:
MQ detected an unexpected error when calling the operating system. The MQ error
recording routine has been called.
ACTION:
Use the standard facilities supplied with your system to record the problem
identifier and to save any generated output files. Use either the MQ Support
site: http://www.ibm.com/software/integration/wmq/support/, or IBM Support
Assistant (ISA): http://www.ibm.com/software/support/isa/, to see whether a
solution is already available.  If you are unable to find a match, contact your
IBM support center.  Do not discard these files until the problem has been
resolved.
----- amqxfdcx.c : 842 --------------------------------------------------------
06/05/20 19:55:12 - Process(109.1) User(mqm) Program(amqzxma0)
                    Host(b0f047d32d08) Installation(Installation1)
                    VRMF(9.1.5.0)
                    Time(2020-06-05T19:55:12.635Z)
                    ArithInsert1(109)
                    CommentInsert1(QM1)
                   
AMQ6184W: An internal IBM MQ error has occurred on queue manager QM1.

EXPLANATION:
An error has been detected, and the IBM MQ error recording routine has been
called. The failing process is process 109.
ACTION:
Use the standard facilities supplied with your system to record the problem
identifier and to save any generated output files. Use either the MQ Support
site: http://www.ibm.com/software/integration/wmq/support/, or IBM Support
Assistant (ISA): http://www.ibm.com/software/support/isa/, to see whether a
solution is already available.  If you are unable to find a match, contact your
IBM support center.  Do not discard these files until the problem has been
resolved.
----- amqxfdcx.c : 888 --------------------------------------------------------
06/05/20 20:02:35 - Process(152.1) User(mqm) Program(amqzxma0)
                    Host(b0f047d32d08) Installation(Installation1)
                    VRMF(9.1.5.0)
                    Time(2020-06-05T20:02:35.433Z)
                    ArithInsert1(36) ArithInsert2(4)
                    CommentInsert1(bind())
                    CommentInsert2(/mnt/mqm/data/sockets/QM10000/@qmgr/spipe/b0f047d32d08/zxc.health)
                   
AMQ6119S: An internal IBM MQ error has occurred (bind())

EXPLANATION:
MQ detected an unexpected error when calling the operating system. The MQ error
recording routine has been called.
ACTION:
Use the standard facilities supplied with your system to record the problem
identifier and to save any generated output files. Use either the MQ Support
site: http://www.ibm.com/software/integration/wmq/support/, or IBM Support
Assistant (ISA): http://www.ibm.com/software/support/isa/, to see whether a
solution is already available.  If you are unable to find a match, contact your
IBM support center.  Do not discard these files until the problem has been
resolved.
----- amqxfdcx.c : 842 --------------------------------------------------------
06/05/20 20:02:35 - Process(152.1) User(mqm) Program(amqzxma0)
                    Host(b0f047d32d08) Installation(Installation1)
                    VRMF(9.1.5.0)
                    Time(2020-06-05T20:02:35.440Z)
                    ArithInsert1(152)
                    CommentInsert1(QM1)
                   
AMQ6184W: An internal IBM MQ error has occurred on queue manager QM1.

EXPLANATION:
An error has been detected, and the IBM MQ error recording routine has been
called. The failing process is process 152.
ACTION:
Use the standard facilities supplied with your system to record the problem
identifier and to save any generated output files. Use either the MQ Support
site: http://www.ibm.com/software/integration/wmq/support/, or IBM Support
Assistant (ISA): http://www.ibm.com/software/support/isa/, to see whether a
solution is already available.  If you are unable to find a match, contact your
IBM support center.  Do not discard these files until the problem has been
resolved.
----- amqxfdcx.c : 888 --------------------------------------------------------
06/05/20 20:02:36 - Process(152.1) User(mqm) Program(amqzxma0)
                    Host(b0f047d32d08) Installation(Installation1)
                    VRMF(9.1.5.0)
                    Time(2020-06-05T20:02:36.776Z)
                   
AMQ6119S: An internal IBM MQ error has occurred ()

EXPLANATION:
MQ detected an unexpected error when calling the operating system. The MQ error
recording routine has been called.
ACTION:
Use the standard facilities supplied with your system to record the problem
identifier and to save any generated output files. Use either the MQ Support
site: http://www.ibm.com/software/integration/wmq/support/, or IBM Support
Assistant (ISA): http://www.ibm.com/software/support/isa/, to see whether a
solution is already available.  If you are unable to find a match, contact your
IBM support center.  Do not discard these files until the problem has been
resolved.
----- amqxfdcx.c : 842 --------------------------------------------------------
06/05/20 20:02:36 - Process(152.1) User(mqm) Program(amqzxma0)
                    Host(b0f047d32d08) Installation(Installation1)
                    VRMF(9.1.5.0)
                    Time(2020-06-05T20:02:36.783Z)
                    ArithInsert1(152)
                    CommentInsert1(QM1)
                   
AMQ6184W: An internal IBM MQ error has occurred on queue manager QM1.

EXPLANATION:
An error has been detected, and the IBM MQ error recording routine has been
called. The failing process is process 152.
ACTION:
Use the standard facilities supplied with your system to record the problem
identifier and to save any generated output files. Use either the MQ Support
site: http://www.ibm.com/software/integration/wmq/support/, or IBM Support
Assistant (ISA): http://www.ibm.com/software/support/isa/, to see whether a
solution is already available.  If you are unable to find a match, contact your
IBM support center.  Do not discard these files until the problem has been
resolved.
----- amqxfdcx.c : 888 --------------------------------------------------------
